[2025-05-03T06:07:49.874+0000] {local_task_job_runner.py:120} INFO - ::group::Pre task execution logs
[2025-05-03T06:07:49.944+0000] {taskinstance.py:2073} INFO - Dependencies all met for dep_context=non-requeueable deps ti=<TaskInstance: diabetes_data_pipeline.preprocess_train_data manual__2025-05-03T06:02:39.891983+00:00 [queued]>
[2025-05-03T06:07:49.960+0000] {taskinstance.py:2073} INFO - Dependencies all met for dep_context=requeueable deps ti=<TaskInstance: diabetes_data_pipeline.preprocess_train_data manual__2025-05-03T06:02:39.891983+00:00 [queued]>
[2025-05-03T06:07:49.961+0000] {taskinstance.py:2303} INFO - Starting attempt 2 of 2
[2025-05-03T06:07:49.997+0000] {taskinstance.py:2327} INFO - Executing <Task(PythonOperator): preprocess_train_data> on 2025-05-03 06:02:39.891983+00:00
[2025-05-03T06:07:50.026+0000] {standard_task_runner.py:63} INFO - Started process 297 to run task
[2025-05-03T06:07:50.044+0000] {standard_task_runner.py:90} INFO - Running: ['***', 'tasks', 'run', 'diabetes_data_pipeline', 'preprocess_train_data', 'manual__2025-05-03T06:02:39.891983+00:00', '--job-id', '157', '--raw', '--subdir', 'DAGS_FOLDER/process_and_clean_data.py', '--cfg-path', '/tmp/tmpq9jliv3e']
[2025-05-03T06:07:50.062+0000] {standard_task_runner.py:91} INFO - Job 157: Subtask preprocess_train_data
[2025-05-03T06:07:50.218+0000] {task_command.py:426} INFO - Running <TaskInstance: diabetes_data_pipeline.preprocess_train_data manual__2025-05-03T06:02:39.891983+00:00 [running]> on host e89618938543
[2025-05-03T06:07:50.468+0000] {taskinstance.py:2644} INFO - Exporting env vars: AIRFLOW_CTX_DAG_OWNER='***' AIRFLOW_CTX_DAG_ID='diabetes_data_pipeline' AIRFLOW_CTX_TASK_ID='preprocess_train_data' AIRFLOW_CTX_EXECUTION_DATE='2025-05-03T06:02:39.891983+00:00' AIRFLOW_CTX_TRY_NUMBER='2' AIRFLOW_CTX_DAG_RUN_ID='manual__2025-05-03T06:02:39.891983+00:00'
[2025-05-03T06:07:50.470+0000] {taskinstance.py:430} INFO - ::endgroup::
[2025-05-03T06:08:01.003+0000] {process_and_clean_data.py:299} INFO - Iniciando preprocesamiento de datos train...
[2025-05-03T06:08:01.648+0000] {warnings.py:109} WARNING - /opt/***/dags/process_and_clean_data.py:159: SettingWithCopyWarning: 
A value is trying to be set on a copy of a slice from a DataFrame.
Try using .loc[row_indexer,col_indexer] = value instead

See the caveats in the documentation: https://pandas.pydata.org/pandas-docs/stable/user_guide/indexing.html#returning-a-view-versus-a-copy
  df_diabetes_num['service_utilization'] = (df_diabetes_num['number_outpatient'] +

[2025-05-03T06:08:09.792+0000] {xcom.py:677} ERROR - Object of type bytes is not JSON serializable. If you are using pickle instead of JSON for XCom, then you need to enable pickle support for XCom in your *** config or make sure to decorate your object with attr.
[2025-05-03T06:08:09.806+0000] {process_and_clean_data.py:356} ERROR - L Error al preprocesar datos train: Object of type bytes is not JSON serializable
[2025-05-03T06:08:09.807+0000] {taskinstance.py:441} INFO - ::group::Post task execution logs
[2025-05-03T06:08:09.807+0000] {taskinstance.py:2890} ERROR - Task failed with exception
Traceback (most recent call last):
  File "/home/airflow/.local/lib/python3.8/site-packages/airflow/utils/json.py", line 91, in default
    return serialize(o)
  File "/home/airflow/.local/lib/python3.8/site-packages/airflow/serialization/serde.py", line 189, in serialize
    raise TypeError(f"cannot serialize object of type {cls}")
TypeError: cannot serialize object of type <class 'bytes'>

During handling of the above exception, another exception occurred:

Traceback (most recent call last):
  File "/home/airflow/.local/lib/python3.8/site-packages/airflow/models/taskinstance.py", line 465, in _execute_task
    result = _execute_callable(context=context, **execute_callable_kwargs)
  File "/home/airflow/.local/lib/python3.8/site-packages/airflow/models/taskinstance.py", line 432, in _execute_callable
    return execute_callable(context=context, **execute_callable_kwargs)
  File "/home/airflow/.local/lib/python3.8/site-packages/airflow/models/baseoperator.py", line 400, in wrapper
    return func(self, *args, **kwargs)
  File "/home/airflow/.local/lib/python3.8/site-packages/airflow/operators/python.py", line 235, in execute
    return_value = self.execute_callable()
  File "/home/airflow/.local/lib/python3.8/site-packages/airflow/operators/python.py", line 252, in execute_callable
    return self.python_callable(*self.op_args, **self.op_kwargs)
  File "/opt/airflow/dags/process_and_clean_data.py", line 315, in preprocess_table
    kwargs['ti'].xcom_push(key='preprocessor', value=preprocessor_bytes)
  File "/home/airflow/.local/lib/python3.8/site-packages/airflow/utils/session.py", line 79, in wrapper
    return func(*args, session=session, **kwargs)
  File "/home/airflow/.local/lib/python3.8/site-packages/airflow/models/taskinstance.py", line 3182, in xcom_push
    XCom.set(
  File "/home/airflow/.local/lib/python3.8/site-packages/airflow/utils/session.py", line 76, in wrapper
    return func(*args, **kwargs)
  File "/home/airflow/.local/lib/python3.8/site-packages/airflow/models/xcom.py", line 247, in set
    value = cls.serialize_value(
  File "/home/airflow/.local/lib/python3.8/site-packages/airflow/models/xcom.py", line 675, in serialize_value
    return json.dumps(value, cls=XComEncoder).encode("UTF-8")
  File "/usr/local/lib/python3.8/json/__init__.py", line 234, in dumps
    return cls(
  File "/home/airflow/.local/lib/python3.8/site-packages/airflow/utils/json.py", line 104, in encode
    return super().encode(o)
  File "/usr/local/lib/python3.8/json/encoder.py", line 199, in encode
    chunks = self.iterencode(o, _one_shot=True)
  File "/usr/local/lib/python3.8/json/encoder.py", line 257, in iterencode
    return _iterencode(o, 0)
  File "/home/airflow/.local/lib/python3.8/site-packages/airflow/utils/json.py", line 93, in default
    return super().default(o)
  File "/usr/local/lib/python3.8/json/encoder.py", line 179, in default
    raise TypeError(f'Object of type {o.__class__.__name__} '
TypeError: Object of type bytes is not JSON serializable
[2025-05-03T06:08:09.926+0000] {taskinstance.py:1205} INFO - Marking task as FAILED. dag_id=diabetes_data_pipeline, task_id=preprocess_train_data, execution_date=20250503T060239, start_date=20250503T060749, end_date=20250503T060809
[2025-05-03T06:08:10.019+0000] {standard_task_runner.py:110} ERROR - Failed to execute job 157 for task preprocess_train_data (Object of type bytes is not JSON serializable; 297)
[2025-05-03T06:08:10.602+0000] {local_task_job_runner.py:240} INFO - Task exited with return code 1
[2025-05-03T06:08:10.892+0000] {taskinstance.py:3482} INFO - 0 downstream tasks scheduled from follow-on schedule check
[2025-05-03T06:08:10.927+0000] {local_task_job_runner.py:222} INFO - ::endgroup::
