[2025-05-01T04:49:42.732+0000] {local_task_job_runner.py:120} INFO - ::group::Pre task execution logs
[2025-05-01T04:49:42.768+0000] {taskinstance.py:2073} INFO - Dependencies all met for dep_context=non-requeueable deps ti=<TaskInstance: fetch_and_store_diabetes_data.process_validation_data.process_validation_batches manual__2025-05-01T04:45:02.606851+00:00 [queued]>
[2025-05-01T04:49:42.783+0000] {taskinstance.py:2073} INFO - Dependencies all met for dep_context=requeueable deps ti=<TaskInstance: fetch_and_store_diabetes_data.process_validation_data.process_validation_batches manual__2025-05-01T04:45:02.606851+00:00 [queued]>
[2025-05-01T04:49:42.783+0000] {taskinstance.py:2303} INFO - Starting attempt 3 of 4
[2025-05-01T04:49:42.812+0000] {taskinstance.py:2327} INFO - Executing <Task(PythonOperator): process_validation_data.process_validation_batches> on 2025-05-01 04:45:02.606851+00:00
[2025-05-01T04:49:42.827+0000] {standard_task_runner.py:63} INFO - Started process 263 to run task
[2025-05-01T04:49:42.835+0000] {standard_task_runner.py:90} INFO - Running: ['***', 'tasks', 'run', 'fetch_and_store_diabetes_data', 'process_validation_data.process_validation_batches', 'manual__2025-05-01T04:45:02.606851+00:00', '--job-id', '89', '--raw', '--subdir', 'DAGS_FOLDER/fetch_and_store_data.py', '--cfg-path', '/tmp/tmps0jx6eml']
[2025-05-01T04:49:42.842+0000] {standard_task_runner.py:91} INFO - Job 89: Subtask process_validation_data.process_validation_batches
[2025-05-01T04:49:42.915+0000] {task_command.py:426} INFO - Running <TaskInstance: fetch_and_store_diabetes_data.process_validation_data.process_validation_batches manual__2025-05-01T04:45:02.606851+00:00 [running]> on host 8a07c59035b5
[2025-05-01T04:49:43.090+0000] {taskinstance.py:2644} INFO - Exporting env vars: AIRFLOW_CTX_DAG_OWNER='***' AIRFLOW_CTX_DAG_ID='fetch_and_store_diabetes_data' AIRFLOW_CTX_TASK_ID='process_validation_data.process_validation_batches' AIRFLOW_CTX_EXECUTION_DATE='2025-05-01T04:45:02.606851+00:00' AIRFLOW_CTX_TRY_NUMBER='3' AIRFLOW_CTX_DAG_RUN_ID='manual__2025-05-01T04:45:02.606851+00:00'
[2025-05-01T04:49:43.092+0000] {taskinstance.py:430} INFO - ::endgroup::
[2025-05-01T04:49:43.141+0000] {fetch_and_store_data.py:189} INFO - Procesando 2 batches para validation
[2025-05-01T04:49:43.142+0000] {fetch_and_store_data.py:117} INFO - Obteniendo validation batch 0 desde http://datapi:80/get-validation-batch/?batch_number=0
[2025-05-01T04:49:46.958+0000] {fetch_and_store_data.py:129} INFO - Obtenidos 15000 registros de validation batch 0
[2025-05-01T04:49:46.960+0000] {crypto.py:82} WARNING - empty cryptography key - values will not be stored encrypted.
[2025-05-01T04:49:46.961+0000] {base.py:84} INFO - Using connection ID 'mysql_diabetes_conn' for task execution.
[2025-05-01T04:49:47.319+0000] {fetch_and_store_data.py:173} ERROR - Error procesando validation batch 0: (MySQLdb.OperationalError) (2002, "Can't connect to server on 'mysql_diabetes' (115)")
(Background on this error at: https://sqlalche.me/e/14/e3q8)
[2025-05-01T04:49:47.321+0000] {taskinstance.py:441} INFO - ::group::Post task execution logs
[2025-05-01T04:49:47.321+0000] {taskinstance.py:2890} ERROR - Task failed with exception
Traceback (most recent call last):
  File "/home/airflow/.local/lib/python3.8/site-packages/sqlalchemy/engine/base.py", line 3371, in _wrap_pool_connect
    return fn()
  File "/home/airflow/.local/lib/python3.8/site-packages/sqlalchemy/pool/base.py", line 327, in connect
    return _ConnectionFairy._checkout(self)
  File "/home/airflow/.local/lib/python3.8/site-packages/sqlalchemy/pool/base.py", line 894, in _checkout
    fairy = _ConnectionRecord.checkout(pool)
  File "/home/airflow/.local/lib/python3.8/site-packages/sqlalchemy/pool/base.py", line 493, in checkout
    rec = pool._do_get()
  File "/home/airflow/.local/lib/python3.8/site-packages/sqlalchemy/pool/impl.py", line 146, in _do_get
    self._dec_overflow()
  File "/home/airflow/.local/lib/python3.8/site-packages/sqlalchemy/util/langhelpers.py", line 70, in __exit__
    compat.raise_(
  File "/home/airflow/.local/lib/python3.8/site-packages/sqlalchemy/util/compat.py", line 211, in raise_
    raise exception
  File "/home/airflow/.local/lib/python3.8/site-packages/sqlalchemy/pool/impl.py", line 143, in _do_get
    return self._create_connection()
  File "/home/airflow/.local/lib/python3.8/site-packages/sqlalchemy/pool/base.py", line 273, in _create_connection
    return _ConnectionRecord(self)
  File "/home/airflow/.local/lib/python3.8/site-packages/sqlalchemy/pool/base.py", line 388, in __init__
    self.__connect()
  File "/home/airflow/.local/lib/python3.8/site-packages/sqlalchemy/pool/base.py", line 691, in __connect
    pool.logger.debug("Error on connect(): %s", e)
  File "/home/airflow/.local/lib/python3.8/site-packages/sqlalchemy/util/langhelpers.py", line 70, in __exit__
    compat.raise_(
  File "/home/airflow/.local/lib/python3.8/site-packages/sqlalchemy/util/compat.py", line 211, in raise_
    raise exception
  File "/home/airflow/.local/lib/python3.8/site-packages/sqlalchemy/pool/base.py", line 686, in __connect
    self.dbapi_connection = connection = pool._invoke_creator(self)
  File "/home/airflow/.local/lib/python3.8/site-packages/sqlalchemy/engine/create.py", line 574, in connect
    return dialect.connect(*cargs, **cparams)
  File "/home/airflow/.local/lib/python3.8/site-packages/sqlalchemy/engine/default.py", line 598, in connect
    return self.dbapi.connect(*cargs, **cparams)
  File "/home/airflow/.local/lib/python3.8/site-packages/MySQLdb/__init__.py", line 121, in Connect
    return Connection(*args, **kwargs)
  File "/home/airflow/.local/lib/python3.8/site-packages/MySQLdb/connections.py", line 195, in __init__
    super().__init__(*args, **kwargs2)
MySQLdb.OperationalError: (2002, "Can't connect to server on 'mysql_diabetes' (115)")

The above exception was the direct cause of the following exception:

Traceback (most recent call last):
  File "/home/airflow/.local/lib/python3.8/site-packages/airflow/models/taskinstance.py", line 465, in _execute_task
    result = _execute_callable(context=context, **execute_callable_kwargs)
  File "/home/airflow/.local/lib/python3.8/site-packages/airflow/models/taskinstance.py", line 432, in _execute_callable
    return execute_callable(context=context, **execute_callable_kwargs)
  File "/home/airflow/.local/lib/python3.8/site-packages/airflow/models/baseoperator.py", line 400, in wrapper
    return func(self, *args, **kwargs)
  File "/home/airflow/.local/lib/python3.8/site-packages/airflow/operators/python.py", line 235, in execute
    return_value = self.execute_callable()
  File "/home/airflow/.local/lib/python3.8/site-packages/airflow/operators/python.py", line 252, in execute_callable
    return self.python_callable(*self.op_args, **self.op_kwargs)
  File "/opt/airflow/dags/fetch_and_store_data.py", line 193, in process_dataset
    records_inserted = fetch_and_store_batch(
  File "/opt/airflow/dags/fetch_and_store_data.py", line 145, in fetch_and_store_batch
    with engine.begin() as connection:
  File "/home/airflow/.local/lib/python3.8/site-packages/sqlalchemy/engine/base.py", line 3153, in begin
    conn = self.connect(close_with_result=close_with_result)
  File "/home/airflow/.local/lib/python3.8/site-packages/sqlalchemy/engine/base.py", line 3325, in connect
    return self._connection_cls(self, close_with_result=close_with_result)
  File "/home/airflow/.local/lib/python3.8/site-packages/sqlalchemy/engine/base.py", line 96, in __init__
    else engine.raw_connection()
  File "/home/airflow/.local/lib/python3.8/site-packages/sqlalchemy/engine/base.py", line 3404, in raw_connection
    return self._wrap_pool_connect(self.pool.connect, _connection)
  File "/home/airflow/.local/lib/python3.8/site-packages/sqlalchemy/engine/base.py", line 3374, in _wrap_pool_connect
    Connection._handle_dbapi_exception_noconnection(
  File "/home/airflow/.local/lib/python3.8/site-packages/sqlalchemy/engine/base.py", line 2208, in _handle_dbapi_exception_noconnection
    util.raise_(
  File "/home/airflow/.local/lib/python3.8/site-packages/sqlalchemy/util/compat.py", line 211, in raise_
    raise exception
  File "/home/airflow/.local/lib/python3.8/site-packages/sqlalchemy/engine/base.py", line 3371, in _wrap_pool_connect
    return fn()
  File "/home/airflow/.local/lib/python3.8/site-packages/sqlalchemy/pool/base.py", line 327, in connect
    return _ConnectionFairy._checkout(self)
  File "/home/airflow/.local/lib/python3.8/site-packages/sqlalchemy/pool/base.py", line 894, in _checkout
    fairy = _ConnectionRecord.checkout(pool)
  File "/home/airflow/.local/lib/python3.8/site-packages/sqlalchemy/pool/base.py", line 493, in checkout
    rec = pool._do_get()
  File "/home/airflow/.local/lib/python3.8/site-packages/sqlalchemy/pool/impl.py", line 146, in _do_get
    self._dec_overflow()
  File "/home/airflow/.local/lib/python3.8/site-packages/sqlalchemy/util/langhelpers.py", line 70, in __exit__
    compat.raise_(
  File "/home/airflow/.local/lib/python3.8/site-packages/sqlalchemy/util/compat.py", line 211, in raise_
    raise exception
  File "/home/airflow/.local/lib/python3.8/site-packages/sqlalchemy/pool/impl.py", line 143, in _do_get
    return self._create_connection()
  File "/home/airflow/.local/lib/python3.8/site-packages/sqlalchemy/pool/base.py", line 273, in _create_connection
    return _ConnectionRecord(self)
  File "/home/airflow/.local/lib/python3.8/site-packages/sqlalchemy/pool/base.py", line 388, in __init__
    self.__connect()
  File "/home/airflow/.local/lib/python3.8/site-packages/sqlalchemy/pool/base.py", line 691, in __connect
    pool.logger.debug("Error on connect(): %s", e)
  File "/home/airflow/.local/lib/python3.8/site-packages/sqlalchemy/util/langhelpers.py", line 70, in __exit__
    compat.raise_(
  File "/home/airflow/.local/lib/python3.8/site-packages/sqlalchemy/util/compat.py", line 211, in raise_
    raise exception
  File "/home/airflow/.local/lib/python3.8/site-packages/sqlalchemy/pool/base.py", line 686, in __connect
    self.dbapi_connection = connection = pool._invoke_creator(self)
  File "/home/airflow/.local/lib/python3.8/site-packages/sqlalchemy/engine/create.py", line 574, in connect
    return dialect.connect(*cargs, **cparams)
  File "/home/airflow/.local/lib/python3.8/site-packages/sqlalchemy/engine/default.py", line 598, in connect
    return self.dbapi.connect(*cargs, **cparams)
  File "/home/airflow/.local/lib/python3.8/site-packages/MySQLdb/__init__.py", line 121, in Connect
    return Connection(*args, **kwargs)
  File "/home/airflow/.local/lib/python3.8/site-packages/MySQLdb/connections.py", line 195, in __init__
    super().__init__(*args, **kwargs2)
sqlalchemy.exc.OperationalError: (MySQLdb.OperationalError) (2002, "Can't connect to server on 'mysql_diabetes' (115)")
(Background on this error at: https://sqlalche.me/e/14/e3q8)
[2025-05-01T04:49:47.346+0000] {taskinstance.py:1205} INFO - Marking task as UP_FOR_RETRY. dag_id=fetch_and_store_diabetes_data, task_id=process_validation_data.process_validation_batches, execution_date=20250501T044502, start_date=20250501T044942, end_date=20250501T044947
[2025-05-01T04:49:47.391+0000] {standard_task_runner.py:110} ERROR - Failed to execute job 89 for task process_validation_data.process_validation_batches ((MySQLdb.OperationalError) (2002, "Can't connect to server on 'mysql_diabetes' (115)")
(Background on this error at: https://sqlalche.me/e/14/e3q8); 263)
[2025-05-01T04:49:47.493+0000] {local_task_job_runner.py:240} INFO - Task exited with return code 1
[2025-05-01T04:49:47.531+0000] {taskinstance.py:3482} INFO - 0 downstream tasks scheduled from follow-on schedule check
[2025-05-01T04:49:47.533+0000] {local_task_job_runner.py:222} INFO - ::endgroup::
