[2025-03-10T00:58:04.027+0000] {taskinstance.py:1125} INFO - Dependencies all met for dep_context=non-requeueable deps ti=<TaskInstance: load_data_mysql.load_data manual__2025-03-10T00:52:59.204765+00:00 [queued]>
[2025-03-10T00:58:04.061+0000] {taskinstance.py:1125} INFO - Dependencies all met for dep_context=requeueable deps ti=<TaskInstance: load_data_mysql.load_data manual__2025-03-10T00:52:59.204765+00:00 [queued]>
[2025-03-10T00:58:04.061+0000] {taskinstance.py:1331} INFO - Starting attempt 2 of 2
[2025-03-10T00:58:04.156+0000] {taskinstance.py:1350} INFO - Executing <Task(PythonOperator): load_data> on 2025-03-10 00:52:59.204765+00:00
[2025-03-10T00:58:04.186+0000] {standard_task_runner.py:57} INFO - Started process 500 to run task
[2025-03-10T00:58:04.192+0000] {standard_task_runner.py:84} INFO - Running: ['***', 'tasks', 'run', 'load_data_mysql', 'load_data', 'manual__2025-03-10T00:52:59.204765+00:00', '--job-id', '147', '--raw', '--subdir', 'DAGS_FOLDER/load_mysql.py', '--cfg-path', '/tmp/tmp5xhiim71']
[2025-03-10T00:58:04.198+0000] {standard_task_runner.py:85} INFO - Job 147: Subtask load_data
[2025-03-10T00:58:04.462+0000] {task_command.py:410} INFO - Running <TaskInstance: load_data_mysql.load_data manual__2025-03-10T00:52:59.204765+00:00 [running]> on host a7c8d6e00548
[2025-03-10T00:58:05.026+0000] {taskinstance.py:1570} INFO - Exporting env vars: AIRFLOW_CTX_DAG_OWNER='***' AIRFLOW_CTX_DAG_ID='load_data_mysql' AIRFLOW_CTX_TASK_ID='load_data' AIRFLOW_CTX_EXECUTION_DATE='2025-03-10T00:52:59.204765+00:00' AIRFLOW_CTX_TRY_NUMBER='2' AIRFLOW_CTX_DAG_RUN_ID='manual__2025-03-10T00:52:59.204765+00:00'
[2025-03-10T00:58:05.086+0000] {base.py:73} INFO - Using connection ID 'mysql_***_conn' for task execution.
[2025-03-10T00:58:05.128+0000] {taskinstance.py:1847} ERROR - Task failed with exception
Traceback (most recent call last):
  File "/home/airflow/.local/lib/python3.7/site-packages/pandas/io/sql.py", line 2056, in execute
    cur.execute(*args, **kwargs)
  File "/home/airflow/.local/lib/python3.7/site-packages/MySQLdb/cursors.py", line 206, in execute
    res = self._query(query)
  File "/home/airflow/.local/lib/python3.7/site-packages/MySQLdb/cursors.py", line 319, in _query
    db.query(q)
  File "/home/airflow/.local/lib/python3.7/site-packages/MySQLdb/connections.py", line 254, in query
    _mysql.connection.query(self, query)
MySQLdb.ProgrammingError: (1146, "Table '***.penguins' doesn't exist")

The above exception was the direct cause of the following exception:

Traceback (most recent call last):
  File "/home/airflow/.local/lib/python3.7/site-packages/airflow/operators/python.py", line 181, in execute
    return_value = self.execute_callable()
  File "/home/airflow/.local/lib/python3.7/site-packages/airflow/operators/python.py", line 198, in execute_callable
    return self.python_callable(*self.op_args, **self.op_kwargs)
  File "/opt/airflow/dags/load_mysql.py", line 16, in load_data_from_mysql
    df = mysql_hook.get_pandas_df(sql_query)
  File "/home/airflow/.local/lib/python3.7/site-packages/airflow/providers/common/sql/hooks/sql.py", line 201, in get_pandas_df
    return psql.read_sql(sql, con=conn, params=parameters, **kwargs)
  File "/home/airflow/.local/lib/python3.7/site-packages/pandas/io/sql.py", line 608, in read_sql
    chunksize=chunksize,
  File "/home/airflow/.local/lib/python3.7/site-packages/pandas/io/sql.py", line 2116, in read_query
    cursor = self.execute(*args)
  File "/home/airflow/.local/lib/python3.7/site-packages/pandas/io/sql.py", line 2068, in execute
    raise ex from exc
pandas.io.sql.DatabaseError: Execution failed on sql 'SELECT * FROM penguins;': (1146, "Table '***.penguins' doesn't exist")
[2025-03-10T00:58:05.158+0000] {taskinstance.py:1373} INFO - Marking task as FAILED. dag_id=load_data_mysql, task_id=load_data, execution_date=20250310T005259, start_date=20250310T005804, end_date=20250310T005805
[2025-03-10T00:58:05.205+0000] {standard_task_runner.py:109} ERROR - Failed to execute job 147 for task load_data (Execution failed on sql 'SELECT * FROM penguins;': (1146, "Table '***.penguins' doesn't exist"); 500)
[2025-03-10T00:58:05.248+0000] {local_task_job_runner.py:232} INFO - Task exited with return code 1
[2025-03-10T00:58:05.359+0000] {taskinstance.py:2674} INFO - 0 downstream tasks scheduled from follow-on schedule check
